<?xml version="1.0" encoding="UTF-8"?>
<testng-results ignored="0" total="1" passed="1" failed="0" skipped="0">
  <reporter-output>
  </reporter-output>
  <suite started-at="2021-07-02T01:14:53 PDT" name="Surefire suite" finished-at="2021-07-02T01:15:11 PDT" duration-ms="18477">
    <groups>
      <group name="cucumber">
        <method signature="AbstractTestNGCucumberTests.feature(cucumber.api.testng.CucumberFeatureWrapper)[pri:0, instance:TesttRunrrrr.TesttRuunner@4802796d]" name="feature" class="cucumber.api.testng.AbstractTestNGCucumberTests"/>
      </group> <!-- cucumber -->
    </groups>
    <test started-at="2021-07-02T01:14:53 PDT" name="Surefire test" finished-at="2021-07-02T01:15:11 PDT" duration-ms="18477">
      <class name="TesttRunrrrr.TesttRuunner">
        <test-method is-config="true" signature="setUpClass()[pri:0, instance:TesttRunrrrr.TesttRuunner@4802796d]" started-at="2021-07-02T01:14:53 PDT" name="setUpClass" finished-at="2021-07-02T01:14:53 PDT" duration-ms="349" status="PASS">
          <reporter-output>
          </reporter-output>
        </test-method> <!-- setUpClass -->
        <test-method signature="feature(cucumber.api.testng.CucumberFeatureWrapper)[pri:0, instance:TesttRunrrrr.TesttRuunner@4802796d]" started-at="2021-07-02T01:14:54 PDT" name="feature" description="Runs Cucumber Feature" data-provider="features" finished-at="2021-07-02T01:15:11 PDT" duration-ms="17948" status="PASS">
          <params>
            <param index="0">
              <value>
                <![CDATA[Check google search functionality]]>
              </value>
            </param>
          </params>
          <reporter-output>
          </reporter-output>
        </test-method> <!-- feature -->
        <test-method is-config="true" signature="tearDownClass()[pri:0, instance:TesttRunrrrr.TesttRuunner@4802796d]" started-at="2021-07-02T01:15:11 PDT" name="tearDownClass" finished-at="2021-07-02T01:15:11 PDT" duration-ms="15" status="PASS">
          <reporter-output>
          </reporter-output>
        </test-method> <!-- tearDownClass -->
      </class> <!-- TesttRunrrrr.TesttRuunner -->
    </test> <!-- Surefire test -->
  </suite> <!-- Surefire suite -->
</testng-results>
