<?xml version="1.0" encoding="UTF-8"?>
<testng-results ignored="0" total="1" passed="1" failed="0" skipped="0">
  <reporter-output>
  </reporter-output>
  <suite started-at="2021-08-15T10:59:47 PDT" name="Default suite" finished-at="2021-08-15T11:00:06 PDT" duration-ms="18995">
    <groups>
      <group name="cucumber">
        <method signature="AbstractTestNGCucumberTests.feature(cucumber.api.testng.CucumberFeatureWrapper)[pri:0, instance:TesttRunrrrr.TesttRuunner@49dc7102]" name="feature" class="cucumber.api.testng.AbstractTestNGCucumberTests"/>
      </group> <!-- cucumber -->
    </groups>
    <test started-at="2021-08-15T10:59:47 PDT" name="Default test" finished-at="2021-08-15T11:00:06 PDT" duration-ms="18995">
      <class name="TesttRunrrrr.TesttRuunner">
        <test-method is-config="true" signature="setUpClass()[pri:0, instance:TesttRunrrrr.TesttRuunner@49dc7102]" started-at="2021-08-15T10:59:48 PDT" name="setUpClass" finished-at="2021-08-15T10:59:48 PDT" duration-ms="530" status="PASS">
          <reporter-output>
          </reporter-output>
        </test-method> <!-- setUpClass -->
        <test-method signature="feature(cucumber.api.testng.CucumberFeatureWrapper)[pri:0, instance:TesttRunrrrr.TesttRuunner@49dc7102]" started-at="2021-08-15T10:59:48 PDT" name="feature" description="Runs Cucumber Feature" data-provider="features" finished-at="2021-08-15T11:00:06 PDT" duration-ms="18200" status="PASS">
          <params>
            <param index="0">
              <value>
                <![CDATA[Check google search functionality]]>
              </value>
            </param>
          </params>
          <reporter-output>
          </reporter-output>
        </test-method> <!-- feature -->
        <test-method is-config="true" signature="tearDownClass()[pri:0, instance:TesttRunrrrr.TesttRuunner@49dc7102]" started-at="2021-08-15T11:00:06 PDT" name="tearDownClass" finished-at="2021-08-15T11:00:06 PDT" duration-ms="22" status="PASS">
          <reporter-output>
          </reporter-output>
        </test-method> <!-- tearDownClass -->
      </class> <!-- TesttRunrrrr.TesttRuunner -->
    </test> <!-- Default test -->
  </suite> <!-- Default suite -->
</testng-results>
